<?xml version="1.0" encoding="UTF-8"?>
<!-- Generated by org.testng.reporters.JUnitReportReporter -->
<testsuite hostname="DESKTOP-F7CEMVS" failures="0" tests="1" name="com.book.testNG.UITestClassTest" time="0.417" errors="0" timestamp="28 Oct 2022 14:33:39 GMT" skipped="0">
  <testcase classname="com.book.testNG.UITestClassTest" name="f" time="0.417"/>
</testsuite> <!-- com.book.testNG.UITestClassTest -->
