<?xml version="1.0" encoding="UTF-8"?>
<!-- Generated by org.testng.reporters.JUnitReportReporter -->
<testsuite hostname="DESKTOP-F7CEMVS" failures="0" tests="3" name="com.book.testNG.UITestClass" time="721.652" errors="0" timestamp="01 Nov 2022 16:39:49 GMT" skipped="1">
  <testcase classname="com.book.testNG.UITestClass" name="AddBookToCollection" time="195.677"/>
  <testcase classname="com.book.testNG.UITestClass" name="AddBookToCollectionAndDeleteBook" time="355.196">
    <skipped/>
  </testcase> <!-- AddBookToCollectionAndDeleteBook -->
  <testcase classname="com.book.testNG.UITestClass" name="AddBookToCollectionAndDeleteBook" time="170.779"/>
</testsuite> <!-- com.book.testNG.UITestClass -->
