<?xml version="1.0" encoding="UTF-8"?>
<!-- Generated by org.testng.reporters.JUnitReportReporter -->
<testsuite hostname="DESKTOP-F7CEMVS" failures="0" tests="1" name="com.book.testNG.APITestClass" time="30.316" errors="0" timestamp="01 Nov 2022 16:39:49 GMT" skipped="0">
  <testcase classname="com.book.testNG.APITestClass" name="AddBookToCollectionUsingAPI" time="30.316"/>
</testsuite> <!-- com.book.testNG.APITestClass -->
