<?xml version="1.0" encoding="UTF-8"?>
<!-- Generated by org.testng.reporters.JUnitReportReporter -->
<testsuite hostname="DESKTOP-F7CEMVS" failures="0" tests="1" name="com.book.testNG.APITestClass" time="19.788" errors="0" timestamp="2022-11-01T22:59:38 IST" skipped="0">
  <testcase classname="com.book.testNG.APITestClass" name="AddBookToCollectionUsingAPI" time="19.788"/>
  <system-out/>
</testsuite> <!-- com.book.testNG.APITestClass -->
