<?xml version="1.0" encoding="UTF-8"?>
<!-- Generated by org.testng.reporters.JUnitReportReporter -->
<testsuite hostname="DESKTOP-F7CEMVS" failures="0" tests="2" name="com.book.testNG.UITestClass" time="219.517" errors="0" timestamp="2022-11-01T22:59:38 IST" skipped="0">
  <testcase classname="com.book.testNG.UITestClass" name="AddBookToCollection" time="106.422"/>
  <system-out/>
  <testcase classname="com.book.testNG.UITestClass" name="AddBookToCollectionAndDeleteBook" time="113.095"/>
  <system-out/>
</testsuite> <!-- com.book.testNG.UITestClass -->
